L8GF16	sp|P62826|RAN_HUMAN	82.524	0	206	213	216	97	1.60e-131	1259
L8HD31	sp|P62820|RAB1A_HUMAN	62.621	7	206	210	205	98	2.72e-97	948
L8GPH2	sp|P51149|RAB7A_HUMAN	58.537	2	205	205	207	99	2.53e-89	875
L8HAC7	sp|Q13637|RAB32_HUMAN	61.244	6	209	220	225	95	6.09e-97	948
L8GKG8	sp|Q13636|RAB31_HUMAN	46.734	9	199	218	194	91	6.51e-61	618
L8HAC7	sp|Q13637|RAB32_HUMAN	61.244	6	209	220	225	95	6.09e-97	948
L8H2N2	sp|Q8WUD1|RAB2B_HUMAN	70.046	2	217	216	216	100	9.51e-113	1090
L8HD31	sp|P62820|RAB1A_HUMAN	62.621	7	206	210	205	98	2.72e-97	948
L8HJ43	sp|P62491|RB11A_HUMAN	75.829	0	211	213	216	99	2.07e-119	1150
L8GKG8	sp|Q13636|RAB31_HUMAN	46.734	9	199	218	194	91	6.51e-61	618
L8HD31	sp|P62820|RAB1A_HUMAN	62.621	7	206	210	205	98	2.72e-97	948
L8GSP6	sp|P61019|RAB2A_HUMAN	78.531	0	177	200	212	89	3.66e-109	1055
L8HJ43	sp|P62491|RB11A_HUMAN	75.829	0	211	213	216	99	2.07e-119	1150
L8HD31	sp|P62820|RAB1A_HUMAN	62.621	7	206	210	205	98	2.72e-97	948
L8HCK2	sp|P61018|RAB4B_HUMAN	65.888	11	214	204	213	100	4.66e-105	1018
L8HGZ3	sp|P62820|RAB1A_HUMAN	52.451	14	204	208	205	95	2.79e-77	766
L8GPH2	sp|P51149|RAB7A_HUMAN	58.537	2	205	205	207	99	2.53e-89	875
L8GPH2	sp|P51149|RAB7A_HUMAN	58.537	2	205	205	207	99	2.53e-89	875
L8HCK2	sp|P61018|RAB4B_HUMAN	65.888	11	214	204	213	100	4.66e-105	1018
L8HD31	sp|P62820|RAB1A_HUMAN	62.621	7	206	210	205	98	2.72e-97	948
L8HD31	sp|P62820|RAB1A_HUMAN	62.621	7	206	210	205	98	2.72e-97	948
L8HJ43	sp|P62491|RB11A_HUMAN	75.829	0	211	213	216	99	2.07e-119	1150
L8GKG8	sp|Q13636|RAB31_HUMAN	46.734	9	199	218	194	91	6.51e-61	618
L8GSP6	sp|P61019|RAB2A_HUMAN	78.531	0	177	200	212	89	3.66e-109	1055
L8GSP6	sp|P61019|RAB2A_HUMAN	78.531	0	177	200	212	89	3.66e-109	1055
L8GN15	sp|P20340|RAB6A_HUMAN	81.287	0	171	195	208	88	2.49e-107	1037
L8GN15	sp|P20340|RAB6A_HUMAN	81.287	0	171	195	208	88	2.49e-107	1037
L8HHF3	sp|P51149|RAB7A_HUMAN	71.635	23	208	186	207	100	1.19e-105	1021
L8GYY7	sp|Q9NP72|RAB18_HUMAN	55.897	0	195	209	206	93	2.57e-80	794
L8H2N2	sp|Q8WUD1|RAB2B_HUMAN	70.046	2	217	216	216	100	9.51e-113	1090
L8H946	sp|P61106|RAB14_HUMAN	73.953	2	215	213	215	100	1.56e-120	1160
L8HJ43	sp|P62491|RB11A_HUMAN	75.829	0	211	213	216	99	2.07e-119	1150
L8H2Q9	sp|Q969Q5|RAB24_HUMAN	48.387	18	186	211	203	86	2.40e-53	549
L8H2Q9	sp|Q969Q5|RAB24_HUMAN	48.387	18	186	211	203	86	2.40e-53	549
L8HD31	sp|P62820|RAB1A_HUMAN	62.621	7	206	210	205	98	2.72e-97	948
L8GSP6	sp|P61019|RAB2A_HUMAN	78.531	0	177	200	212	89	3.66e-109	1055
